#
# A fatal error has been detected by the Java Runtime Environment:
#
#  Internal Error (t:/workspace/open/src/hotspot/share/oops/generateOopMap.cpp:2162), pid=6288, tid=9972
#  fatal error: Illegal class file encountered. Try running with -Xverify:all in method encrypt
#
# JRE version: Java(TM) SE Runtime Environment (10.0.1+10) (build 10.0.1+10)
# Java VM: Java HotSpot(TM) 64-Bit Server VM (10.0.1+10, mixed mode, tiered, compressed oops, g1 gc, windows-amd64)
# No core dump will be written. Minidumps are not enabled by default on client versions of Windows
#
# If you would like to submit a bug report, please visit:
#   http://bugreport.java.com/bugreport/crash.jsp
#

---------------  S U M M A R Y ------------

Command Line: -agentlib:jdwp=transport=dt_socket,address=127.0.0.1:64156,suspend=y,server=n -javaagent:C:\Users\Piotrek\.IdeaIC2017.3\system\captureAgent\debugger-agent.jar=null -Dfile.encoding=UTF-8 com.company.CaesarCypher

Host: Intel(R) Core(TM) i5-4460  CPU @ 3.20GHz, 4 cores, 7G,  Windows 10 , 64 bit Build 17134 (10.0.17134.1)
Time: Mon Jun 18 00:18:59 2018 ?rodkowoeuropejski czas letni elapsed time: 817 seconds (0d 0h 13m 37s)

---------------  T H R E A D  ---------------

Current thread (0x0000021e7db64800):  VMThread "VM Thread" [stack: 0x0000004f84100000,0x0000004f84200000] [id=9972]

Stack: [0x0000004f84100000,0x0000004f84200000]
[error occurred during error reporting (printing stack bounds), id 0xe0000000]

Native frames: (J=compiled Java code, j=interpreted, Vv=VM code, C=native code)
V  [jvm.dll+0x5a0369]
V  [jvm.dll+0x6bcf81]
V  [jvm.dll+0x6be176]
V  [jvm.dll+0x6be765]
V  [jvm.dll+0x6be71b]
V  [jvm.dll+0x59fb63]
V  [jvm.dll+0x59ff68]
C  [ntdll.dll+0x9eced]
C  [ntdll.dll+0x6c86]
C  [ntdll.dll+0x9dc1e]
C  0x0000021e67af0ead

VM_Operation (0x0000004f84aff0d0): GetOrSetLocal, mode: safepoint, requested by thread 0x0000021e7e89d800


---------------  P R O C E S S  ---------------

Threads class SMR info:
_java_thread_list=0x0000021e7e7733b0, length=14, elements={
0x0000021e5c761000, 0x0000021e7db69000, 0x0000021e7db6a800, 0x0000021e7e502800,
0x0000021e7db82800, 0x0000021e7db84800, 0x0000021e7dbad000, 0x0000021e7dbae000,
0x0000021e7e554800, 0x0000021e7e89d800, 0x0000021e7e926000, 0x0000021e7e82d800,
0x0000021e7e713800, 0x0000021e7e7e5800
}

Java Threads: ( => current thread )
  0x0000021e5c761000 JavaThread "main" [_thread_blocked, id=10632, stack(0x0000004f83500000,0x0000004f83600000)]
  0x0000021e7db69000 JavaThread "Reference Handler" daemon [_thread_blocked, id=10048, stack(0x0000004f84200000,0x0000004f84300000)]
  0x0000021e7db6a800 JavaThread "Finalizer" daemon [_thread_blocked, id=6520, stack(0x0000004f84300000,0x0000004f84400000)]
  0x0000021e7e502800 JavaThread "Signal Dispatcher" daemon [_thread_blocked, id=10644, stack(0x0000004f84400000,0x0000004f84500000)]
  0x0000021e7db82800 JavaThread "Attach Listener" daemon [_thread_blocked, id=3464, stack(0x0000004f84500000,0x0000004f84600000)]
  0x0000021e7db84800 JavaThread "C2 CompilerThread0" daemon [_thread_blocked, id=11924, stack(0x0000004f84600000,0x0000004f84700000)]
  0x0000021e7dbad000 JavaThread "C2 CompilerThread1" daemon [_thread_blocked, id=9916, stack(0x0000004f84700000,0x0000004f84800000)]
  0x0000021e7dbae000 JavaThread "C1 CompilerThread2" daemon [_thread_blocked, id=5832, stack(0x0000004f84800000,0x0000004f84900000)]
  0x0000021e7e554800 JavaThread "Sweeper thread" daemon [_thread_blocked, id=10520, stack(0x0000004f84900000,0x0000004f84a00000)]
  0x0000021e7e89d800 JavaThread "JDWP Transport Listener: dt_socket" daemon [_thread_blocked, id=104, stack(0x0000004f84a00000,0x0000004f84b00000)] _threads_hazard_ptr=0x0000021e7e7733b0
  0x0000021e7e926000 JavaThread "JDWP Event Helper Thread" daemon [_thread_blocked, id=6412, stack(0x0000004f84b00000,0x0000004f84c00000)]
  0x0000021e7e82d800 JavaThread "JDWP Command Reader" daemon [_thread_in_native, id=7164, stack(0x0000004f84c00000,0x0000004f84d00000)]
  0x0000021e7e713800 JavaThread "Common-Cleaner" daemon [_thread_blocked, id=8088, stack(0x0000004f84d00000,0x0000004f84e00000)]
  0x0000021e7e7e5800 JavaThread "Service Thread" daemon [_thread_blocked, id=7104, stack(0x0000004f84e00000,0x0000004f84f00000)]

Other Threads:
=>0x0000021e7db64800 VMThread "VM Thread" [stack: 0x0000004f84100000,0x0000004f84200000] [id=9972]
  0x0000021e7e890000 WatcherThread [stack: 0x0000004f84f00000,0x0000004f85000000] [id=11412]
  0x0000021e5c779000 GCTaskThread "GC Thread#0" [stack: 0x0000004f83600000,0x0000004f83700000] [id=6360]
  0x0000021e5c77a000 GCTaskThread "GC Thread#1" [stack: 0x0000004f83700000,0x0000004f83800000] [id=2052]
  0x0000021e5c77c800 GCTaskThread "GC Thread#2" [stack: 0x0000004f83800000,0x0000004f83900000] [id=2316]
  0x0000021e5c77e000 GCTaskThread "GC Thread#3" [stack: 0x0000004f83900000,0x0000004f83a00000] [id=3224]
  0x0000021e5c7ec800 ConcurrentGCThread "G1 Main Marker" [stack: 0x0000004f83a00000,0x0000004f83b00000] [id=7044]
  0x0000021e5c7ee000 ConcurrentGCThread "G1 Conc#0" [stack: 0x0000004f83b00000,0x0000004f83c00000] [id=11696]
  0x0000021e7d9e2800 ConcurrentGCThread "G1 Refine#0" [stack: 0x0000004f83c00000,0x0000004f83d00000] [id=2060]
  0x0000021e7d9e3800 ConcurrentGCThread "G1 Refine#1" [stack: 0x0000004f83d00000,0x0000004f83e00000] [id=8068]
  0x0000021e7d9e5000 ConcurrentGCThread "G1 Refine#2" [stack: 0x0000004f83e00000,0x0000004f83f00000] [id=9996]
  0x0000021e7d9e8800 ConcurrentGCThread "G1 Refine#3" [stack: 0x0000004f83f00000,0x0000004f84000000] [id=10528]
  0x0000021e7d9ec800 ConcurrentGCThread "G1 Young RemSet Sampling" [stack: 0x0000004f84000000,0x0000004f84100000] [id=4880]

Threads with active compile tasks:

VM state:at safepoint (normal execution)

VM Mutex/Monitor currently owned by a thread:  ([mutex/lock_event])
[0x0000021e5c75a390] Threads_lock - owner thread: 0x0000021e7db64800

Heap address: 0x0000000081200000, size: 2030 MB, Compressed Oops mode: 32-bit
Narrow klass base: 0x0000000000000000, Narrow klass shift: 3
Compressed class space size: 1073741824 Address: 0x0000000100000000

Heap:
 garbage-first heap   total 131072K, used 3072K [0x0000000081200000, 0x0000000100000000)
  region size 1024K, 4 young (4096K), 0 survivors (0K)
 Metaspace       used 6312K, capacity 6446K, committed 6784K, reserved 1056768K
  class space    used 510K, capacity 552K, committed 640K, reserved 1048576K
Heap Regions: E=young(eden), S=young(survivor), O=old, HS=humongous(starts), HC=humongous(continues), CS=collection set, F=free, A=archive, TS=gc time stamp, AC=allocation context, TAMS=top-at-mark-start (previous, next)
|   0|0x0000000081200000, 0x0000000081200000, 0x0000000081300000|  0%| F|  |TS  0|AC  0|TAMS 0x0000000081200000, 0x0000000081200000|
|   1|0x0000000081300000, 0x0000000081300000, 0x0000000081400000|  0%| F|  |TS  0|AC  0|TAMS 0x0000000081300000, 0x0000000081300000|
|   2|0x0000000081400000, 0x0000000081400000, 0x0000000081500000|  0%| F|  |TS  0|AC  0|TAMS 0x0000000081400000, 0x0000000081400000|
|   3|0x0000000081500000, 0x0000000081500000, 0x0000000081600000|  0%| F|  |TS  0|AC  0|TAMS 0x0000000081500000, 0x0000000081500000|
|   4|0x0000000081600000, 0x0000000081600000, 0x0000000081700000|  0%| F|  |TS  0|AC  0|TAMS 0x0000000081600000, 0x0000000081600000|
|   5|0x0000000081700000, 0x0000000081700000, 0x0000000081800000|  0%| F|  |TS  0|AC  0|TAMS 0x0000000081700000, 0x0000000081700000|
|   6|0x0000000081800000, 0x0000000081800000, 0x0000000081900000|  0%| F|  |TS  0|AC  0|TAMS 0x0000000081800000, 0x0000000081800000|
|   7|0x0000000081900000, 0x0000000081900000, 0x0000000081a00000|  0%| F|  |TS  0|AC  0|TAMS 0x0000000081900000, 0x0000000081900000|
|   8|0x0000000081a00000, 0x0000000081a00000, 0x0000000081b00000|  0%| F|  |TS  0|AC  0|TAMS 0x0000000081a00000, 0x0000000081a00000|
|   9|0x0000000081b00000, 0x0000000081b00000, 0x0000000081c00000|  0%| F|  |TS  0|AC  0|TAMS 0x0000000081b00000, 0x0000000081b00000|
|  10|0x0000000081c00000, 0x0000000081c00000, 0x0000000081d00000|  0%| F|  |TS  0|AC  0|TAMS 0x0000000081c00000, 0x0000000081c00000|
|  11|0x0000000081d00000, 0x0000000081d00000, 0x0000000081e00000|  0%| F|  |TS  0|AC  0|TAMS 0x0000000081d00000, 0x0000000081d00000|
|  12|0x0000000081e00000, 0x0000000081e00000, 0x0000000081f00000|  0%| F|  |TS  0|AC  0|TAMS 0x0000000081e00000, 0x0000000081e00000|
|  13|0x0000000081f00000, 0x0000000081f00000, 0x0000000082000000|  0%| F|  |TS  0|AC  0|TAMS 0x0000000081f00000, 0x0000000081f00000|
|  14|0x0000000082000000, 0x0000000082000000, 0x0000000082100000|  0%| F|  |TS  0|AC  0|TAMS 0x0000000082000000, 0x0000000082000000|
|  15|0x0000000082100000, 0x0000000082100000, 0x0000000082200000|  0%| F|  |TS  0|AC  0|TAMS 0x0000000082100000, 0x0000000082100000|
|  16|0x0000000082200000, 0x0000000082200000, 0x0000000082300000|  0%| F|  |TS  0|AC  0|TAMS 0x0000000082200000, 0x0000000082200000|
|  17|0x0000000082300000, 0x0000000082300000, 0x0000000082400000|  0%| F|  |TS  0|AC  0|TAMS 0x0000000082300000, 0x0000000082300000|
|  18|0x0000000082400000, 0x0000000082400000, 0x0000000082500000|  0%| F|  |TS  0|AC  0|TAMS 0x0000000082400000, 0x0000000082400000|
|  19|0x0000000082500000, 0x0000000082500000, 0x0000000082600000|  0%| F|  |TS  0|AC  0|TAMS 0x0000000082500000, 0x0000000082500000|
|  20|0x0000000082600000, 0x0000000082600000, 0x0000000082700000|  0%| F|  |TS  0|AC  0|TAMS 0x0000000082600000, 0x0000000082600000|
|  21|0x0000000082700000, 0x0000000082700000, 0x0000000082800000|  0%| F|  |TS  0|AC  0|TAMS 0x0000000082700000, 0x0000000082700000|
|  22|0x0000000082800000, 0x0000000082800000, 0x0000000082900000|  0%| F|  |TS  0|AC  0|TAMS 0x0000000082800000, 0x0000000082800000|
|  23|0x0000000082900000, 0x0000000082900000, 0x0000000082a00000|  0%| F|  |TS  0|AC  0|TAMS 0x0000000082900000, 0x0000000082900000|
|  24|0x0000000082a00000, 0x0000000082a00000, 0x0000000082b00000|  0%| F|  |TS  0|AC  0|TAMS 0x0000000082a00000, 0x0000000082a00000|
|  25|0x0000000082b00000, 0x0000000082b00000, 0x0000000082c00000|  0%| F|  |TS  0|AC  0|TAMS 0x0000000082b00000, 0x0000000082b00000|
|  26|0x0000000082c00000, 0x0000000082c00000, 0x0000000082d00000|  0%| F|  |TS  0|AC  0|TAMS 0x0000000082c00000, 0x0000000082c00000|
|  27|0x0000000082d00000, 0x0000000082d00000, 0x0000000082e00000|  0%| F|  |TS  0|AC  0|TAMS 0x0000000082d00000, 0x0000000082d00000|
|  28|0x0000000082e00000, 0x0000000082e00000, 0x0000000082f00000|  0%| F|  |TS  0|AC  0|TAMS 0x0000000082e00000, 0x0000000082e00000|
|  29|0x0000000082f00000, 0x0000000082f00000, 0x0000000083000000|  0%| F|  |TS  0|AC  0|TAMS 0x0000000082f00000, 0x0000000082f00000|
|  30|0x0000000083000000, 0x0000000083000000, 0x0000000083100000|  0%| F|  |TS  0|AC  0|TAMS 0x0000000083000000, 0x0000000083000000|
|  31|0x0000000083100000, 0x0000000083100000, 0x0000000083200000|  0%| F|  |TS  0|AC  0|TAMS 0x0000000083100000, 0x0000000083100000|
|  32|0x0000000083200000, 0x0000000083200000, 0x0000000083300000|  0%| F|  |TS  0|AC  0|TAMS 0x0000000083200000, 0x0000000083200000|
|  33|0x0000000083300000, 0x0000000083300000, 0x0000000083400000|  0%| F|  |TS  0|AC  0|TAMS 0x0000000083300000, 0x0000000083300000|
|  34|0x0000000083400000, 0x0000000083400000, 0x0000000083500000|  0%| F|  |TS  0|AC  0|TAMS 0x0000000083400000, 0x0000000083400000|
|  35|0x0000000083500000, 0x0000000083500000, 0x0000000083600000|  0%| F|  |TS  0|AC  0|TAMS 0x0000000083500000, 0x0000000083500000|
|  36|0x0000000083600000, 0x0000000083600000, 0x0000000083700000|  0%| F|  |TS  0|AC  0|TAMS 0x0000000083600000, 0x0000000083600000|
|  37|0x0000000083700000, 0x0000000083700000, 0x0000000083800000|  0%| F|  |TS  0|AC  0|TAMS 0x0000000083700000, 0x0000000083700000|
|  38|0x0000000083800000, 0x0000000083800000, 0x0000000083900000|  0%| F|  |TS  0|AC  0|TAMS 0x0000000083800000, 0x0000000083800000|
|  39|0x0000000083900000, 0x0000000083900000, 0x0000000083a00000|  0%| F|  |TS  0|AC  0|TAMS 0x0000000083900000, 0x0000000083900000|
|  40|0x0000000083a00000, 0x0000000083a00000, 0x0000000083b00000|  0%| F|  |TS  0|AC  0|TAMS 0x0000000083a00000, 0x0000000083a00000|
|  41|0x0000000083b00000, 0x0000000083b00000, 0x0000000083c00000|  0%| F|  |TS  0|AC  0|TAMS 0x0000000083b00000, 0x0000000083b00000|
|  42|0x0000000083c00000, 0x0000000083c00000, 0x0000000083d00000|  0%| F|  |TS  0|AC  0|TAMS 0x0000000083c00000, 0x0000000083c00000|
|  43|0x0000000083d00000, 0x0000000083d00000, 0x0000000083e00000|  0%| F|  |TS  0|AC  0|TAMS 0x0000000083d00000, 0x0000000083d00000|
|  44|0x0000000083e00000, 0x0000000083e00000, 0x0000000083f00000|  0%| F|  |TS  0|AC  0|TAMS 0x0000000083e00000, 0x0000000083e00000|
|  45|0x0000000083f00000, 0x0000000083f00000, 0x0000000084000000|  0%| F|  |TS  0|AC  0|TAMS 0x0000000083f00000, 0x0000000083f00000|
|  46|0x0000000084000000, 0x0000000084000000, 0x0000000084100000|  0%| F|  |TS  0|AC  0|TAMS 0x0000000084000000, 0x0000000084000000|
|  47|0x0000000084100000, 0x0000000084100000, 0x0000000084200000|  0%| F|  |TS  0|AC  0|TAMS 0x0000000084100000, 0x0000000084100000|
|  48|0x0000000084200000, 0x0000000084200000, 0x0000000084300000|  0%| F|  |TS  0|AC  0|TAMS 0x0000000084200000, 0x0000000084200000|
|  49|0x0000000084300000, 0x0000000084300000, 0x0000000084400000|  0%| F|  |TS  0|AC  0|TAMS 0x0000000084300000, 0x0000000084300000|
|  50|0x0000000084400000, 0x0000000084400000, 0x0000000084500000|  0%| F|  |TS  0|AC  0|TAMS 0x0000000084400000, 0x0000000084400000|
|  51|0x0000000084500000, 0x0000000084500000, 0x0000000084600000|  0%| F|  |TS  0|AC  0|TAMS 0x0000000084500000, 0x0000000084500000|
|  52|0x0000000084600000, 0x0000000084600000, 0x0000000084700000|  0%| F|  |TS  0|AC  0|TAMS 0x0000000084600000, 0x0000000084600000|
|  53|0x0000000084700000, 0x0000000084700000, 0x0000000084800000|  0%| F|  |TS  0|AC  0|TAMS 0x0000000084700000, 0x0000000084700000|
|  54|0x0000000084800000, 0x0000000084800000, 0x0000000084900000|  0%| F|  |TS  0|AC  0|TAMS 0x0000000084800000, 0x0000000084800000|
|  55|0x0000000084900000, 0x0000000084900000, 0x0000000084a00000|  0%| F|  |TS  0|AC  0|TAMS 0x0000000084900000, 0x0000000084900000|
|  56|0x0000000084a00000, 0x0000000084a00000, 0x0000000084b00000|  0%| F|  |TS  0|AC  0|TAMS 0x0000000084a00000, 0x0000000084a00000|
|  57|0x0000000084b00000, 0x0000000084b00000, 0x0000000084c00000|  0%| F|  |TS  0|AC  0|TAMS 0x0000000084b00000, 0x0000000084b00000|
|  58|0x0000000084c00000, 0x0000000084c00000, 0x0000000084d00000|  0%| F|  |TS  0|AC  0|TAMS 0x0000000084c00000, 0x0000000084c00000|
|  59|0x0000000084d00000, 0x0000000084d00000, 0x0000000084e00000|  0%| F|  |TS  0|AC  0|TAMS 0x0000000084d00000, 0x0000000084d00000|
|  60|0x0000000084e00000, 0x0000000084e00000, 0x0000000084f00000|  0%| F|  |TS  0|AC  0|TAMS 0x0000000084e00000, 0x0000000084e00000|
|  61|0x0000000084f00000, 0x0000000084f00000, 0x0000000085000000|  0%| F|  |TS  0|AC  0|TAMS 0x0000000084f00000, 0x0000000084f00000|
|  62|0x0000000085000000, 0x0000000085000000, 0x0000000085100000|  0%| F|  |TS  0|AC  0|TAMS 0x0000000085000000, 0x0000000085000000|
|  63|0x0000000085100000, 0x0000000085100000, 0x0000000085200000|  0%| F|  |TS  0|AC  0|TAMS 0x0000000085100000, 0x0000000085100000|
|  64|0x0000000085200000, 0x0000000085200000, 0x0000000085300000|  0%| F|  |TS  0|AC  0|TAMS 0x0000000085200000, 0x0000000085200000|
|  65|0x0000000085300000, 0x0000000085300000, 0x0000000085400000|  0%| F|  |TS  0|AC  0|TAMS 0x0000000085300000, 0x0000000085300000|
|  66|0x0000000085400000, 0x0000000085400000, 0x0000000085500000|  0%| F|  |TS  0|AC  0|TAMS 0x0000000085400000, 0x0000000085400000|
|  67|0x0000000085500000, 0x0000000085500000, 0x0000000085600000|  0%| F|  |TS  0|AC  0|TAMS 0x0000000085500000, 0x0000000085500000|
|  68|0x0000000085600000, 0x0000000085600000, 0x0000000085700000|  0%| F|  |TS  0|AC  0|TAMS 0x0000000085600000, 0x0000000085600000|
|  69|0x0000000085700000, 0x0000000085700000, 0x0000000085800000|  0%| F|  |TS  0|AC  0|TAMS 0x0000000085700000, 0x0000000085700000|
|  70|0x0000000085800000, 0x0000000085800000, 0x0000000085900000|  0%| F|  |TS  0|AC  0|TAMS 0x0000000085800000, 0x0000000085800000|
|  71|0x0000000085900000, 0x0000000085900000, 0x0000000085a00000|  0%| F|  |TS  0|AC  0|TAMS 0x0000000085900000, 0x0000000085900000|
|  72|0x0000000085a00000, 0x0000000085a00000, 0x0000000085b00000|  0%| F|  |TS  0|AC  0|TAMS 0x0000000085a00000, 0x0000000085a00000|
|  73|0x0000000085b00000, 0x0000000085b00000, 0x0000000085c00000|  0%| F|  |TS  0|AC  0|TAMS 0x0000000085b00000, 0x0000000085b00000|
|  74|0x0000000085c00000, 0x0000000085c00000, 0x0000000085d00000|  0%| F|  |TS  0|AC  0|TAMS 0x0000000085c00000, 0x0000000085c00000|
|  75|0x0000000085d00000, 0x0000000085d00000, 0x0000000085e00000|  0%| F|  |TS  0|AC  0|TAMS 0x0000000085d00000, 0x0000000085d00000|
|  76|0x0000000085e00000, 0x0000000085e00000, 0x0000000085f00000|  0%| F|  |TS  0|AC  0|TAMS 0x0000000085e00000, 0x0000000085e00000|
|  77|0x0000000085f00000, 0x0000000085f00000, 0x0000000086000000|  0%| F|  |TS  0|AC  0|TAMS 0x0000000085f00000, 0x0000000085f00000|
|  78|0x0000000086000000, 0x0000000086000000, 0x0000000086100000|  0%| F|  |TS  0|AC  0|TAMS 0x0000000086000000, 0x0000000086000000|
|  79|0x0000000086100000, 0x0000000086100000, 0x0000000086200000|  0%| F|  |TS  0|AC  0|TAMS 0x0000000086100000, 0x0000000086100000|
|  80|0x0000000086200000, 0x0000000086200000, 0x0000000086300000|  0%| F|  |TS  0|AC  0|TAMS 0x0000000086200000, 0x0000000086200000|
|  81|0x0000000086300000, 0x0000000086300000, 0x0000000086400000|  0%| F|  |TS  0|AC  0|TAMS 0x0000000086300000, 0x0000000086300000|
|  82|0x0000000086400000, 0x0000000086400000, 0x0000000086500000|  0%| F|  |TS  0|AC  0|TAMS 0x0000000086400000, 0x0000000086400000|
|  83|0x0000000086500000, 0x0000000086500000, 0x0000000086600000|  0%| F|  |TS  0|AC  0|TAMS 0x0000000086500000, 0x0000000086500000|
|  84|0x0000000086600000, 0x0000000086600000, 0x0000000086700000|  0%| F|  |TS  0|AC  0|TAMS 0x0000000086600000, 0x0000000086600000|
|  85|0x0000000086700000, 0x0000000086700000, 0x0000000086800000|  0%| F|  |TS  0|AC  0|TAMS 0x0000000086700000, 0x0000000086700000|
|  86|0x0000000086800000, 0x0000000086800000, 0x0000000086900000|  0%| F|  |TS  0|AC  0|TAMS 0x0000000086800000, 0x0000000086800000|
|  87|0x0000000086900000, 0x0000000086900000, 0x0000000086a00000|  0%| F|  |TS  0|AC  0|TAMS 0x0000000086900000, 0x0000000086900000|
|  88|0x0000000086a00000, 0x0000000086a00000, 0x0000000086b00000|  0%| F|  |TS  0|AC  0|TAMS 0x0000000086a00000, 0x0000000086a00000|
|  89|0x0000000086b00000, 0x0000000086b00000, 0x0000000086c00000|  0%| F|  |TS  0|AC  0|TAMS 0x0000000086b00000, 0x0000000086b00000|
|  90|0x0000000086c00000, 0x0000000086c00000, 0x0000000086d00000|  0%| F|  |TS  0|AC  0|TAMS 0x0000000086c00000, 0x0000000086c00000|
|  91|0x0000000086d00000, 0x0000000086d00000, 0x0000000086e00000|  0%| F|  |TS  0|AC  0|TAMS 0x0000000086d00000, 0x0000000086d00000|
|  92|0x0000000086e00000, 0x0000000086e00000, 0x0000000086f00000|  0%| F|  |TS  0|AC  0|TAMS 0x0000000086e00000, 0x0000000086e00000|
|  93|0x0000000086f00000, 0x0000000086f00000, 0x0000000087000000|  0%| F|  |TS  0|AC  0|TAMS 0x0000000086f00000, 0x0000000086f00000|
|  94|0x0000000087000000, 0x0000000087000000, 0x0000000087100000|  0%| F|  |TS  0|AC  0|TAMS 0x0000000087000000, 0x0000000087000000|
|  95|0x0000000087100000, 0x0000000087100000, 0x0000000087200000|  0%| F|  |TS  0|AC  0|TAMS 0x0000000087100000, 0x0000000087100000|
|  96|0x0000000087200000, 0x0000000087200000, 0x0000000087300000|  0%| F|  |TS  0|AC  0|TAMS 0x0000000087200000, 0x0000000087200000|
|  97|0x0000000087300000, 0x0000000087300000, 0x0000000087400000|  0%| F|  |TS  0|AC  0|TAMS 0x0000000087300000, 0x0000000087300000|
|  98|0x0000000087400000, 0x0000000087400000, 0x0000000087500000|  0%| F|  |TS  0|AC  0|TAMS 0x0000000087400000, 0x0000000087400000|
|  99|0x0000000087500000, 0x0000000087500000, 0x0000000087600000|  0%| F|  |TS  0|AC  0|TAMS 0x0000000087500000, 0x0000000087500000|
| 100|0x0000000087600000, 0x0000000087600000, 0x0000000087700000|  0%| F|  |TS  0|AC  0|TAMS 0x0000000087600000, 0x0000000087600000|
| 101|0x0000000087700000, 0x0000000087700000, 0x0000000087800000|  0%| F|  |TS  0|AC  0|TAMS 0x0000000087700000, 0x0000000087700000|
| 102|0x0000000087800000, 0x0000000087800000, 0x0000000087900000|  0%| F|  |TS  0|AC  0|TAMS 0x0000000087800000, 0x0000000087800000|
| 103|0x0000000087900000, 0x0000000087900000, 0x0000000087a00000|  0%| F|  |TS  0|AC  0|TAMS 0x0000000087900000, 0x0000000087900000|
| 104|0x0000000087a00000, 0x0000000087a00000, 0x0000000087b00000|  0%| F|  |TS  0|AC  0|TAMS 0x0000000087a00000, 0x0000000087a00000|
| 105|0x0000000087b00000, 0x0000000087b00000, 0x0000000087c00000|  0%| F|  |TS  0|AC  0|TAMS 0x0000000087b00000, 0x0000000087b00000|
| 106|0x0000000087c00000, 0x0000000087c00000, 0x0000000087d00000|  0%| F|  |TS  0|AC  0|TAMS 0x0000000087c00000, 0x0000000087c00000|
| 107|0x0000000087d00000, 0x0000000087d00000, 0x0000000087e00000|  0%| F|  |TS  0|AC  0|TAMS 0x0000000087d00000, 0x0000000087d00000|
| 108|0x0000000087e00000, 0x0000000087e00000, 0x0000000087f00000|  0%| F|  |TS  0|AC  0|TAMS 0x0000000087e00000, 0x0000000087e00000|
| 109|0x0000000087f00000, 0x0000000087f00000, 0x0000000088000000|  0%| F|  |TS  0|AC  0|TAMS 0x0000000087f00000, 0x0000000087f00000|
| 110|0x0000000088000000, 0x0000000088000000, 0x0000000088100000|  0%| F|  |TS  0|AC  0|TAMS 0x0000000088000000, 0x0000000088000000|
| 111|0x0000000088100000, 0x0000000088100000, 0x0000000088200000|  0%| F|  |TS  0|AC  0|TAMS 0x0000000088100000, 0x0000000088100000|
| 112|0x0000000088200000, 0x0000000088200000, 0x0000000088300000|  0%| F|  |TS  0|AC  0|TAMS 0x0000000088200000, 0x0000000088200000|
| 113|0x0000000088300000, 0x0000000088300000, 0x0000000088400000|  0%| F|  |TS  0|AC  0|TAMS 0x0000000088300000, 0x0000000088300000|
| 114|0x0000000088400000, 0x0000000088400000, 0x0000000088500000|  0%| F|  |TS  0|AC  0|TAMS 0x0000000088400000, 0x0000000088400000|
| 115|0x0000000088500000, 0x0000000088500000, 0x0000000088600000|  0%| F|  |TS  0|AC  0|TAMS 0x0000000088500000, 0x0000000088500000|
| 116|0x0000000088600000, 0x0000000088600000, 0x0000000088700000|  0%| F|  |TS  0|AC  0|TAMS 0x0000000088600000, 0x0000000088600000|
| 117|0x0000000088700000, 0x0000000088700000, 0x0000000088800000|  0%| F|  |TS  0|AC  0|TAMS 0x0000000088700000, 0x0000000088700000|
| 118|0x0000000088800000, 0x0000000088800000, 0x0000000088900000|  0%| F|  |TS  0|AC  0|TAMS 0x0000000088800000, 0x0000000088800000|
| 119|0x0000000088900000, 0x0000000088900000, 0x0000000088a00000|  0%| F|  |TS  0|AC  0|TAMS 0x0000000088900000, 0x0000000088900000|
| 120|0x0000000088a00000, 0x0000000088a00000, 0x0000000088b00000|  0%| F|  |TS  0|AC  0|TAMS 0x0000000088a00000, 0x0000000088a00000|
| 121|0x0000000088b00000, 0x0000000088b00000, 0x0000000088c00000|  0%| F|  |TS  0|AC  0|TAMS 0x0000000088b00000, 0x0000000088b00000|
| 122|0x0000000088c00000, 0x0000000088c00000, 0x0000000088d00000|  0%| F|  |TS  0|AC  0|TAMS 0x0000000088c00000, 0x0000000088c00000|
| 123|0x0000000088d00000, 0x0000000088d00000, 0x0000000088e00000|  0%| F|  |TS  0|AC  0|TAMS 0x0000000088d00000, 0x0000000088d00000|
| 124|0x0000000088e00000, 0x0000000088e8fe50, 0x0000000088f00000| 56%| E|  |TS  0|AC  0|TAMS 0x0000000088e00000, 0x0000000088e00000|
| 125|0x0000000088f00000, 0x0000000089000000, 0x0000000089000000|100%| E|CS|TS  0|AC  0|TAMS 0x0000000088f00000, 0x0000000088f00000|
| 126|0x0000000089000000, 0x0000000089100000, 0x0000000089100000|100%| E|CS|TS  0|AC  0|TAMS 0x0000000089000000, 0x0000000089000000|
| 127|0x0000000089100000, 0x0000000089200000, 0x0000000089200000|100%| E|CS|TS  0|AC  0|TAMS 0x0000000089100000, 0x0000000089100000|

Card table byte_map: [0x0000021e76ef0000,0x0000021e772f0000] byte_map_base: 0x0000021e76ae7000

Marking Bits (Prev, Next): (CMBitMap*) 0x0000021e5c7eb890, (CMBitMap*) 0x0000021e5c7eb8c8
 Prev Bits: [0x0000021e776f0000, 0x0000021e796a8000)
 Next Bits: [0x0000021e796b0000, 0x0000021e7b668000)

Polling page: 0x0000021e5a570000

CodeHeap 'non-profiled nmethods': size=120064Kb used=127Kb max_used=127Kb free=119936Kb
 bounds [0x0000021e6f5b0000, 0x0000021e6f820000, 0x0000021e76af0000]
CodeHeap 'profiled nmethods': size=120000Kb used=588Kb max_used=588Kb free=119411Kb
 bounds [0x0000021e68080000, 0x0000021e682f0000, 0x0000021e6f5b0000]
CodeHeap 'non-nmethods': size=5696Kb used=1131Kb max_used=1144Kb free=4564Kb
 bounds [0x0000021e67af0000, 0x0000021e67d60000, 0x0000021e68080000]
 total_blobs=812 nmethods=387 adapters=252
 compilation: enabled

Compilation events (10 events):
Event: 0.300 Thread 0x0000021e7dbae000 nmethod 380 0x0000021e68110410 code [0x0000021e681105e0, 0x0000021e68110838]
Event: 0.300 Thread 0x0000021e7dbae000  381       3       java.lang.invoke.MethodHandles$Lookup::lookupClassOrNull (17 bytes)
Event: 0.300 Thread 0x0000021e7dbae000 nmethod 381 0x0000021e68110990 code [0x0000021e68110b40, 0x0000021e68110cf8]
Event: 0.300 Thread 0x0000021e7dbae000  382       1       java.util.ImmutableCollections$ListN::size (6 bytes)
Event: 0.300 Thread 0x0000021e7dbae000 nmethod 382 0x0000021e6f5ce610 code [0x0000021e6f5ce7c0, 0x0000021e6f5ce8d8]
Event: 0.300 Thread 0x0000021e7dbae000  384   !   3       java.lang.invoke.MemberName::getMethodType (203 bytes)
Event: 0.301 Thread 0x0000021e7db84800 nmethod 366 0x0000021e6f5cf090 code [0x0000021e6f5cf240, 0x0000021e6f5cf7f8]
Event: 0.301 Thread 0x0000021e7dbae000 nmethod 384 0x0000021e68110d90 code [0x0000021e681110a0, 0x0000021e68112680]
Event: 0.302 Thread 0x0000021e7dbae000  387       3       jdk.internal.org.objectweb.asm.ByteVector::putInt (74 bytes)
Event: 0.302 Thread 0x0000021e7dbae000 nmethod 387 0x0000021e68112c90 code [0x0000021e68112e60, 0x0000021e68113110]

GC Heap History (0 events):
No events

Deoptimization events (4 events):
Event: 0.129 Thread 0x0000021e5c761000 Uncommon trap: reason=unstable_if action=reinterpret pc=0x0000021e6f5be248 method=java.util.HashMap.putVal(ILjava/lang/Object;Ljava/lang/Object;ZZ)Ljava/lang/Object; @ 69 c2
Event: 0.130 Thread 0x0000021e5c761000 Uncommon trap: reason=unstable_if action=reinterpret pc=0x0000021e6f5bae68 method=java.util.HashMap.putVal(ILjava/lang/Object;Ljava/lang/Object;ZZ)Ljava/lang/Object; @ 69 c2
Event: 0.149 Thread 0x0000021e5c761000 Uncommon trap: reason=unstable_if action=reinterpret pc=0x0000021e6f5b2b08 method=java.lang.String.hashCode()I @ 14 c2
Event: 0.201 Thread 0x0000021e5c761000 Uncommon trap: reason=unstable_if action=reinterpret pc=0x0000021e6f5b747c method=java.lang.String.isLatin1()Z @ 10 c2

Classes redefined (10 events):
Event: 166.419 Thread 0x0000021e7db64800 redefined class name=com.company.CaesarCypher, count=2
Event: 362.922 Thread 0x0000021e7db64800 redefined class name=com.company.CaesarCypher, count=3
Event: 531.084 Thread 0x0000021e7db64800 redefined class name=com.company.CaesarCypher, count=4
Event: 556.191 Thread 0x0000021e7db64800 redefined class name=com.company.CaesarCypher, count=5
Event: 581.855 Thread 0x0000021e7db64800 redefined class name=com.company.CaesarCypher, count=6
Event: 618.984 Thread 0x0000021e7db64800 redefined class name=com.company.CaesarCypher, count=7
Event: 636.780 Thread 0x0000021e7db64800 redefined class name=com.company.CaesarCypher, count=8
Event: 651.815 Thread 0x0000021e7db64800 redefined class name=com.company.CaesarCypher, count=9
Event: 721.587 Thread 0x0000021e7db64800 redefined class name=com.company.CaesarCypher, count=10
Event: 817.585 Thread 0x0000021e7db64800 redefined class name=com.company.CaesarCypher, count=11

Internal exceptions (5 events):
Event: 0.199 Thread 0x0000021e5c761000 Exception <a 'java/io/FileNotFoundException'{0x0000000088f25240}> (0x0000000088f25240) thrown at [t:/workspace/open/src/hotspot/share/prims/jni.cpp, line 611]
Event: 0.281 Thread 0x0000021e5c761000 Exception <a 'java/lang/NoSuchMethodError'{0x0000000088fb6198}: java.lang.invoke.DirectMethodHandle$Holder.invokeStatic(Ljava/lang/Object;Ljava/lang/Object;Ljava/lang/Object;Ljava/lang/Object;Ljava/lang/Object;Ljava/lang/Object;Ljava/lang/Object;Ljava/lan
Event: 0.289 Thread 0x0000021e5c761000 Exception <a 'java/lang/NoSuchMethodError'{0x0000000088fd9700}: java.lang.invoke.DirectMethodHandle$Holder.invokeStatic(Ljava/lang/Object;Ljava/lang/Object;Ljava/lang/Object;Ljava/lang/Object;Ljava/lang/Object;Ljava/lang/Object;Ljava/lang/Object;Ljava/lan
Event: 0.292 Thread 0x0000021e5c761000 Exception <a 'java/lang/NoSuchMethodError'{0x0000000088ffb168}: java.lang.invoke.DirectMethodHandle$Holder.invokeStatic(Ljava/lang/Object;Ljava/lang/Object;Ljava/lang/Object;Ljava/lang/Object;Ljava/lang/Object;Ljava/lang/Object;Ljava/lang/Object;Ljava/lan
Event: 0.299 Thread 0x0000021e5c761000 Exception <a 'java/lang/NoSuchMethodError'{0x0000000088e1e9b0}: java.lang.invoke.DirectMethodHandle$Holder.invokeStatic(Ljava/lang/Object;Ljava/lang/Object;Ljava/lang/Object;Ljava/lang/Object;Ljava/lang/Object;Ljava/lang/Object;Ljava/lang/Object;Ljava/lan

Events (10 events):
Event: 817.617 Executing VM operation: GetFrameCount done
Event: 817.617 Executing VM operation: GetFrameLocation
Event: 817.617 Executing VM operation: GetFrameLocation done
Event: 817.617 Executing VM operation: GetFrameLocation
Event: 817.617 Executing VM operation: GetFrameLocation done
Event: 817.618 Executing VM operation: GetFrameCount
Event: 817.618 Executing VM operation: GetFrameCount done
Event: 817.618 Executing VM operation: GetFrameLocation
Event: 817.618 Executing VM operation: GetFrameLocation done
Event: 817.632 Executing VM operation: GetOrSetLocal


Dynamic libraries:
0x00007ff693d40000 - 0x00007ff693d7e000 	C:\Program Files\Java\jdk-10.0.1\bin\java.exe
0x00007ffa0e590000 - 0x00007ffa0e771000 	C:\WINDOWS\SYSTEM32\ntdll.dll
0x00007ffa0bfd0000 - 0x00007ffa0c082000 	C:\WINDOWS\System32\KERNEL32.DLL
0x00007ffa0aa00000 - 0x00007ffa0ac73000 	C:\WINDOWS\System32\KERNELBASE.dll
0x00007ffa0e250000 - 0x00007ffa0e2f1000 	C:\WINDOWS\System32\ADVAPI32.dll
0x00007ffa0da70000 - 0x00007ffa0db0e000 	C:\WINDOWS\System32\msvcrt.dll
0x00007ffa0e300000 - 0x00007ffa0e35b000 	C:\WINDOWS\System32\sechost.dll
0x00007ffa0c190000 - 0x00007ffa0c2b4000 	C:\WINDOWS\System32\RPCRT4.dll
0x00007ffa0d810000 - 0x00007ffa0d9a0000 	C:\WINDOWS\System32\USER32.dll
0x00007ffa0a960000 - 0x00007ffa0a980000 	C:\WINDOWS\System32\win32u.dll
0x00007ffa0c090000 - 0x00007ffa0c0b8000 	C:\WINDOWS\System32\GDI32.dll
0x00007ffa0b020000 - 0x00007ffa0b1b2000 	C:\WINDOWS\System32\gdi32full.dll
0x00007ffa0aed0000 - 0x00007ffa0af6f000 	C:\WINDOWS\System32\msvcp_win.dll
0x00007ffa0b8d0000 - 0x00007ffa0b9ca000 	C:\WINDOWS\System32\ucrtbase.dll
0x00007ff9ffa20000 - 0x00007ff9ffc89000 	C:\WINDOWS\WinSxS\amd64_microsoft.windows.common-controls_6595b64144ccf1df_6.0.17134.112_none_fb3f961b30681c12\COMCTL32.dll
0x00007ffa05010000 - 0x00007ffa0501a000 	C:\WINDOWS\SYSTEM32\VERSION.dll
0x00007ffa0df20000 - 0x00007ffa0e243000 	C:\WINDOWS\System32\combase.dll
0x00007ffa0a980000 - 0x00007ffa0a9fa000 	C:\WINDOWS\System32\bcryptPrimitives.dll
0x00007ffa0def0000 - 0x00007ffa0df1d000 	C:\WINDOWS\System32\IMM32.DLL
0x00007ff9f9600000 - 0x00007ff9f96ef000 	C:\Program Files\Java\jdk-10.0.1\bin\msvcr120.dll
0x00007ff9f9550000 - 0x00007ff9f95f6000 	C:\Program Files\Java\jdk-10.0.1\bin\msvcp120.dll
0x000000006f820000 - 0x0000000070290000 	C:\Program Files\Java\jdk-10.0.1\bin\server\jvm.dll
0x00007ffa0d800000 - 0x00007ffa0d808000 	C:\WINDOWS\System32\PSAPI.DLL
0x00007ff9ff640000 - 0x00007ff9ff649000 	C:\WINDOWS\SYSTEM32\WSOCK32.dll
0x00007ffa0c2c0000 - 0x00007ffa0c32c000 	C:\WINDOWS\System32\WS2_32.dll
0x00007ffa08bf0000 - 0x00007ffa08c13000 	C:\WINDOWS\SYSTEM32\WINMM.dll
0x00007ffa08bc0000 - 0x00007ffa08bea000 	C:\WINDOWS\SYSTEM32\WINMMBASE.dll
0x00007ffa0b9d0000 - 0x00007ffa0ba19000 	C:\WINDOWS\System32\cfgmgr32.dll
0x00007ffa038e0000 - 0x00007ffa038ef000 	C:\Program Files\Java\jdk-10.0.1\bin\verify.dll
0x00007ff9faca0000 - 0x00007ff9fae69000 	C:\WINDOWS\SYSTEM32\DBGHELP.DLL
0x00007ff9fac70000 - 0x00007ff9fac99000 	C:\WINDOWS\SYSTEM32\dbgcore.DLL
0x00007ffa038b0000 - 0x00007ffa038d7000 	C:\Program Files\Java\jdk-10.0.1\bin\java.dll
0x00007ffa03730000 - 0x00007ffa03766000 	C:\Program Files\Java\jdk-10.0.1\bin\jdwp.dll
0x00007ffa02180000 - 0x00007ffa021aa000 	C:\Program Files\Java\jdk-10.0.1\bin\instrument.dll
0x00007ffa03770000 - 0x00007ffa03786000 	C:\Program Files\Java\jdk-10.0.1\bin\zip.dll
0x00007ffa038a0000 - 0x00007ffa038aa000 	C:\Program Files\Java\jdk-10.0.1\bin\jimage.dll
0x00007ffa0c330000 - 0x00007ffa0d770000 	C:\WINDOWS\System32\SHELL32.dll
0x00007ffa0de40000 - 0x00007ffa0dee9000 	C:\WINDOWS\System32\shcore.dll
0x00007ffa0b1c0000 - 0x00007ffa0b8cd000 	C:\WINDOWS\System32\windows.storage.dll
0x00007ffa0e360000 - 0x00007ffa0e3b1000 	C:\WINDOWS\System32\shlwapi.dll
0x00007ffa0a8a0000 - 0x00007ffa0a8b1000 	C:\WINDOWS\System32\kernel.appcore.dll
0x00007ffa0a8f0000 - 0x00007ffa0a90f000 	C:\WINDOWS\System32\profapi.dll
0x00007ffa0a910000 - 0x00007ffa0a95c000 	C:\WINDOWS\System32\powrprof.dll
0x00007ffa0a8c0000 - 0x00007ffa0a8ca000 	C:\WINDOWS\System32\FLTLIB.DLL
0x00007ffa03720000 - 0x00007ffa0372a000 	C:\Program Files\Java\jdk-10.0.1\bin\dt_socket.dll
0x00007ffa0a0c0000 - 0x00007ffa0a126000 	C:\WINDOWS\system32\mswsock.dll
0x00007ff9fa2a0000 - 0x00007ff9fa2ba000 	C:\Program Files\Java\jdk-10.0.1\bin\net.dll
0x00007ffa06c70000 - 0x00007ffa06d4d000 	C:\WINDOWS\SYSTEM32\WINHTTP.dll
0x00007ff9fa280000 - 0x00007ff9fa291000 	C:\Program Files\Java\jdk-10.0.1\bin\nio.dll

dbghelp: loaded successfully - version: 4.0.5 - missing functions: none
symbol engine: initialized successfully - sym options: 0x614 - pdb path: .;C:\Program Files\Java\jdk-10.0.1\bin;C:\WINDOWS\SYSTEM32;C:\WINDOWS\WinSxS\amd64_microsoft.windows.common-controls_6595b64144ccf1df_6.0.17134.112_none_fb3f961b30681c12;C:\Program Files\Java\jdk-10.0.1\bin\server

VM Arguments:
jvm_args: -agentlib:jdwp=transport=dt_socket,address=127.0.0.1:64156,suspend=y,server=n -javaagent:C:\Users\Piotrek\.IdeaIC2017.3\system\captureAgent\debugger-agent.jar=null -Dfile.encoding=UTF-8 
java_command: com.company.CaesarCypher
java_class_path (initial): C:\Users\Piotrek\IdeaProjects\ruszGlowo\out\production\ruszGlowo;C:\Program Files\JetBrains\IntelliJ IDEA Community Edition 2017.3.3\lib\idea_rt.jar
Launcher Type: SUN_STANDARD

Logging:
Log output configuration:
#0: stdout all=warning uptime,level,tags
#1: stderr all=off uptime,level,tags

Environment Variables:
PATH=C:\Program Files (x86)\Common Files\Oracle\Java\javapath;C:\ProgramData\Oracle\Java\javapath;C:\WINDOWS\system32;C:\WINDOWS;C:\WINDOWS\System32\Wbem;C:\WINDOWS\System32\WindowsPowerShell\v1.0\;C:\WINDOWS\System32\OpenSSH\;C:\Users\Piotrek\AppData\Local\Microsoft\WindowsApps;
USERNAME=Piotrek
OS=Windows_NT
PROCESSOR_IDENTIFIER=Intel64 Family 6 Model 60 Stepping 3, GenuineIntel



---------------  S Y S T E M  ---------------

OS: Windows 10 , 64 bit Build 17134 (10.0.17134.1)

CPU:total 4 (initial active 4) (4 cores per cpu, 1 threads per core) family 6 model 60 stepping 3, cmov, cx8, fxsr, mmx, sse, sse2, sse3, ssse3, sse4.1, sse4.2, popcnt, avx, avx2, aes, clmul, erms, lzcnt, tsc, tscinvbit, bmi1, bmi2, fma

Memory: 4k page, physical 8314876k(4200332k free), swap 16179196k(6987248k free)

vm_info: Java HotSpot(TM) 64-Bit Server VM (10.0.1+10) for windows-amd64 JRE (10.0.1+10), built on Mar 27 2018 02:27:48 by "mach5one" with MS VC++ 12.0 (VS2013)

END.
